<?xml version="1.0" encoding="UTF-8"?>
<testng-results total="1" passed="1" failed="0" skipped="0">
  <reporter-output>
  </reporter-output>
  <suite started-at="2021-09-10T08:52:53Z" name="Default suite" finished-at="2021-09-10T08:52:53Z" duration-ms="26">
    <groups>
    </groups>
    <test started-at="2021-09-10T08:52:53Z" name="Default test" finished-at="2021-09-10T08:52:53Z" duration-ms="26">
      <class name="MAVENGID.Gitexample.GitTesting">
        <test-method signature="sample()" started-at="2021-09-10T08:52:53Z" name="sample" finished-at="2021-09-10T08:52:53Z" duration-ms="13" status="PASS">
        </test-method>
      </class>
    </test>
  </suite>
</testng-results>
